<?xml version="1.0" encoding="UTF-8"?>
<testsuite xmlns:xsi="http://www.w3.org/2001/XMLSchema-instance" xsi:noNamespaceSchemaLocation="https://maven.apache.org/surefire/maven-surefire-plugin/xsd/surefire-test-report-3.0.xsd" version="3.0" name="code.bender.DepositTest" time="0.1" tests="1" errors="0" skipped="0" failures="0">
  <properties>
[...]
</properties>
  <testcase name="testDepositAmount" classname="code.bender.DepositTest" time="0.073">
    <system-err><![CDATA[Oct 02, 2023 8:31:17 AM code.bender.Deposit depositAmount
INFO: Enter the amount you want to deposit: 
Oct 02, 2023 8:31:17 AM code.bender.Deposit depositAmount
INFO: You have successfully deposited R100. Your new balance is: R100
]]></system-err>
  </testcase>
</testsuite>